  1  1.750  0.047  0.046
  1  2.250  0.197  0.066
  1  2.750  0.713  0.081
  1  3.250  0.928  0.075
  1  3.750  0.975  0.068
  1  4.250  0.985  0.058
  1  4.750  0.990  0.045
  1  5.250  0.990  0.036
  1  5.750  0.993  0.028
  1  6.250  0.993  0.026
  2  1.750  0.337  0.080
  2  2.250  0.702  0.088
  2  2.750  0.850  0.084
  2  3.250  0.914  0.074
  2  3.750  0.945  0.067
  2  4.250  0.958  0.057
  2  4.750  0.970  0.044
  2  5.250  0.970  0.035
  2  5.750  0.980  0.028
  2  6.250  0.980  0.026
  3  1.750  0.027  0.027
  3  2.250  0.029  0.029
  3  2.750  0.046  0.033
  3  3.250  0.172  0.040
  3  3.750  0.468  0.048
  3  4.250  0.648  0.047
  3  4.750  0.796  0.039
  3  5.250  0.796  0.032
  3  5.750  0.894  0.026
  3  6.250  0.894  0.024
